<?xml version="1.0" encoding="UTF-8"?>
<!-- Generated by org.testng.reporters.JUnitXMLReporter -->
<testsuite hostname="5CD0033LXH" ignored="0" name="Test" tests="4" failures="0" timestamp="2021-10-20T16:50:08 IST" time="0.138" errors="0">
  <testcase name="BrowserAutomation" time="0.012" classname="MavenTraining.MavenOne.SeleniumTest"/>
  <testcase name="elementsUi" time="0.001" classname="MavenTraining.MavenOne.SeleniumTest"/>
  <testcase name="deleteTwitter" time="0.001" classname="MavenTraining.MavenOne.RESTAPITest"/>
  <testcase name="postJira" time="0.0" classname="MavenTraining.MavenOne.RESTAPITest"/>
</testsuite> <!-- Test -->
